Analysis & Synthesis report for BankRegister
Thu Mar 12 01:11:01 2020
Quartus II Version 9.1 Build 222 10/21/2009 SJ Web Edition


---------------------
; Table of Contents ;
---------------------
  1. Legal Notice
  2. Analysis & Synthesis Summary
  3. Analysis & Synthesis Settings
  4. Parallel Compilation
  5. Analysis & Synthesis Source Files Read
  6. Analysis & Synthesis Resource Usage Summary
  7. Analysis & Synthesis Resource Utilization by Entity
  8. General Register Statistics
  9. Parameter Settings for User Entity Instance: flopenr:regFile
 10. Parameter Settings for User Entity Instance: mux2:muxinho1
 11. Parameter Settings for User Entity Instance: mux2:muxinho2
 12. Port Connectivity Checks: "mux2:muxinho2"
 13. Port Connectivity Checks: "mux2:muxinho1"
 14. Analysis & Synthesis Messages



----------------
; Legal Notice ;
----------------
Copyright (C) 1991-2009 Altera Corporation
Your use of Altera Corporation's design tools, logic functions 
and other software and tools, and its AMPP partner logic 
functions, and any output files from any of the foregoing 
(including device programming or simulation files), and any 
associated documentation or information are expressly subject 
to the terms and conditions of the Altera Program License 
Subscription Agreement, Altera MegaCore Function License 
Agreement, or other applicable license agreement, including, 
without limitation, that your use is for the sole purpose of 
programming logic devices manufactured by Altera and sold by 
Altera or its authorized distributors.  Please refer to the 
applicable agreement for further details.



+------------------------------------------------------------------------------+
; Analysis & Synthesis Summary                                                 ;
+------------------------------------+-----------------------------------------+
; Analysis & Synthesis Status        ; Successful - Thu Mar 12 01:11:01 2020   ;
; Quartus II Version                 ; 9.1 Build 222 10/21/2009 SJ Web Edition ;
; Revision Name                      ; BankRegister                            ;
; Top-level Entity Name              ; BankRegister                            ;
; Family                             ; Cyclone II                              ;
; Total logic elements               ; 6                                       ;
;     Total combinational functions  ; 6                                       ;
;     Dedicated logic registers      ; 2                                       ;
; Total registers                    ; 2                                       ;
; Total pins                         ; 20                                      ;
; Total virtual pins                 ; 0                                       ;
; Total memory bits                  ; 0                                       ;
; Embedded Multiplier 9-bit elements ; 0                                       ;
; Total PLLs                         ; 0                                       ;
+------------------------------------+-----------------------------------------+


+----------------------------------------------------------------------------------------------------------------------+
; Analysis & Synthesis Settings                                                                                        ;
+----------------------------------------------------------------------------+--------------------+--------------------+
; Option                                                                     ; Setting            ; Default Value      ;
+----------------------------------------------------------------------------+--------------------+--------------------+
; Top-level entity name                                                      ; BankRegister       ; BankRegister       ;
; Family name                                                                ; Cyclone II         ; Stratix II         ;
; Type of Retiming Performed During Resynthesis                              ; Full               ;                    ;
; Resynthesis Optimization Effort                                            ; Normal             ;                    ;
; Physical Synthesis Level for Resynthesis                                   ; Normal             ;                    ;
; Use Generated Physical Constraints File                                    ; On                 ;                    ;
; Use smart compilation                                                      ; Off                ; Off                ;
; Enable parallel Assembler and TimeQuest Timing Analyzer during compilation ; On                 ; On                 ;
; Enable compact report table                                                ; Off                ; Off                ;
; Restructure Multiplexers                                                   ; Auto               ; Auto               ;
; Create Debugging Nodes for IP Cores                                        ; Off                ; Off                ;
; Preserve fewer node names                                                  ; On                 ; On                 ;
; Disable OpenCore Plus hardware evaluation                                  ; Off                ; Off                ;
; Verilog Version                                                            ; Verilog_2001       ; Verilog_2001       ;
; VHDL Version                                                               ; VHDL_1993          ; VHDL_1993          ;
; State Machine Processing                                                   ; Auto               ; Auto               ;
; Safe State Machine                                                         ; Off                ; Off                ;
; Extract Verilog State Machines                                             ; On                 ; On                 ;
; Extract VHDL State Machines                                                ; On                 ; On                 ;
; Ignore Verilog initial constructs                                          ; Off                ; Off                ;
; Iteration limit for constant Verilog loops                                 ; 5000               ; 5000               ;
; Iteration limit for non-constant Verilog loops                             ; 250                ; 250                ;
; Add Pass-Through Logic to Inferred RAMs                                    ; On                 ; On                 ;
; Parallel Synthesis                                                         ; On                 ; On                 ;
; DSP Block Balancing                                                        ; Auto               ; Auto               ;
; NOT Gate Push-Back                                                         ; On                 ; On                 ;
; Power-Up Don't Care                                                        ; On                 ; On                 ;
; Remove Redundant Logic Cells                                               ; Off                ; Off                ;
; Remove Duplicate Registers                                                 ; On                 ; On                 ;
; Ignore CARRY Buffers                                                       ; Off                ; Off                ;
; Ignore CASCADE Buffers                                                     ; Off                ; Off                ;
; Ignore GLOBAL Buffers                                                      ; Off                ; Off                ;
; Ignore ROW GLOBAL Buffers                                                  ; Off                ; Off                ;
; Ignore LCELL Buffers                                                       ; Off                ; Off                ;
; Ignore SOFT Buffers                                                        ; On                 ; On                 ;
; Limit AHDL Integers to 32 Bits                                             ; Off                ; Off                ;
; Optimization Technique                                                     ; Balanced           ; Balanced           ;
; Carry Chain Length                                                         ; 70                 ; 70                 ;
; Auto Carry Chains                                                          ; On                 ; On                 ;
; Auto Open-Drain Pins                                                       ; On                 ; On                 ;
; Perform WYSIWYG Primitive Resynthesis                                      ; Off                ; Off                ;
; Auto ROM Replacement                                                       ; On                 ; On                 ;
; Auto RAM Replacement                                                       ; On                 ; On                 ;
; Auto Shift Register Replacement                                            ; Auto               ; Auto               ;
; Auto Clock Enable Replacement                                              ; On                 ; On                 ;
; Strict RAM Replacement                                                     ; Off                ; Off                ;
; Allow Synchronous Control Signals                                          ; On                 ; On                 ;
; Force Use of Synchronous Clear Signals                                     ; Off                ; Off                ;
; Auto RAM to Logic Cell Conversion                                          ; Off                ; Off                ;
; Auto Resource Sharing                                                      ; Off                ; Off                ;
; Allow Any RAM Size For Recognition                                         ; Off                ; Off                ;
; Allow Any ROM Size For Recognition                                         ; Off                ; Off                ;
; Allow Any Shift Register Size For Recognition                              ; Off                ; Off                ;
; Use LogicLock Constraints during Resource Balancing                        ; On                 ; On                 ;
; Ignore translate_off and synthesis_off directives                          ; Off                ; Off                ;
; Timing-Driven Synthesis                                                    ; Off                ; Off                ;
; Show Parameter Settings Tables in Synthesis Report                         ; On                 ; On                 ;
; Ignore Maximum Fan-Out Assignments                                         ; Off                ; Off                ;
; Synchronization Register Chain Length                                      ; 2                  ; 2                  ;
; PowerPlay Power Optimization                                               ; Normal compilation ; Normal compilation ;
; HDL message level                                                          ; Level2             ; Level2             ;
; Suppress Register Optimization Related Messages                            ; Off                ; Off                ;
; Number of Removed Registers Reported in Synthesis Report                   ; 100                ; 100                ;
; Number of Inverted Registers Reported in Synthesis Report                  ; 100                ; 100                ;
; Clock MUX Protection                                                       ; On                 ; On                 ;
; Auto Gated Clock Conversion                                                ; Off                ; Off                ;
; Block Design Naming                                                        ; Auto               ; Auto               ;
; SDC constraint protection                                                  ; Off                ; Off                ;
; Synthesis Effort                                                           ; Auto               ; Auto               ;
; Shift Register Replacement - Allow Asynchronous Clear Signal               ; On                 ; On                 ;
; Analysis & Synthesis Message Level                                         ; Medium             ; Medium             ;
; Disable Register Merging Across Hierarchies                                ; Auto               ; Auto               ;
; Resource Aware Inference For Block RAM                                     ; On                 ; On                 ;
+----------------------------------------------------------------------------+--------------------+--------------------+


Parallel compilation was disabled, but you have multiple processors available. Enable parallel compilation to reduce compilation time.
+-------------------------------------+
; Parallel Compilation                ;
+----------------------------+--------+
; Processors                 ; Number ;
+----------------------------+--------+
; Number detected on machine ; 2      ;
; Maximum allowed            ; 1      ;
+----------------------------+--------+


+-------------------------------------------------------------------------------------------------------------------------------------------------------------------+
; Analysis & Synthesis Source Files Read                                                                                                                            ;
+-------------------------------------+-----------------+------------------------------+----------------------------------------------------------------------------+
; File Name with User-Entered Path    ; Used in Netlist ; File Type                    ; File Name with Absolute Path                                               ;
+-------------------------------------+-----------------+------------------------------+----------------------------------------------------------------------------+
; ../Decoder/Decodificador/decoder.sv ; yes             ; User SystemVerilog HDL File  ; C:/Users/julio/Programacao/Concepcao/MIPS/Decoder/Decodificador/decoder.sv ;
; ../flopenr/flopenr.sv               ; yes             ; User SystemVerilog HDL File  ; C:/Users/julio/Programacao/Concepcao/MIPS/flopenr/flopenr.sv               ;
; ../mux/mux.sv                       ; yes             ; User SystemVerilog HDL File  ; C:/Users/julio/Programacao/Concepcao/MIPS/mux/mux.sv                       ;
; BankRegister.sv                     ; yes             ; User SystemVerilog HDL File  ; C:/Users/julio/Programacao/Concepcao/MIPS/BankRegister/BankRegister.sv     ;
+-------------------------------------+-----------------+------------------------------+----------------------------------------------------------------------------+


+---------------------------------------------------------------------+
; Analysis & Synthesis Resource Usage Summary                         ;
+---------------------------------------------+-----------------------+
; Resource                                    ; Usage                 ;
+---------------------------------------------+-----------------------+
; Estimated Total logic elements              ; 6                     ;
;                                             ;                       ;
; Total combinational functions               ; 6                     ;
; Logic element usage by number of LUT inputs ;                       ;
;     -- 4 input functions                    ; 2                     ;
;     -- 3 input functions                    ; 2                     ;
;     -- <=2 input functions                  ; 2                     ;
;                                             ;                       ;
; Logic elements by mode                      ;                       ;
;     -- normal mode                          ; 6                     ;
;     -- arithmetic mode                      ; 0                     ;
;                                             ;                       ;
; Total registers                             ; 2                     ;
;     -- Dedicated logic registers            ; 2                     ;
;     -- I/O registers                        ; 0                     ;
;                                             ;                       ;
; I/O pins                                    ; 20                    ;
; Maximum fan-out node                        ; flopenr:regFile|q[15] ;
; Maximum fan-out                             ; 2                     ;
; Total fan-out                               ; 28                    ;
; Average fan-out                             ; 1.00                  ;
+---------------------------------------------+-----------------------+


+---------------------------------------------------------------------------------------------------------------------------------------------------------------------------------------------------------------------+
; Analysis & Synthesis Resource Utilization by Entity                                                                                                                                                                 ;
+---------------------------------+-------------------+--------------+-------------+--------------+---------+-----------+------+--------------+--------------------------------------------------------+--------------+
; Compilation Hierarchy Node      ; LC Combinationals ; LC Registers ; Memory Bits ; DSP Elements ; DSP 9x9 ; DSP 18x18 ; Pins ; Virtual Pins ; Full Hierarchy Name                                    ; Library Name ;
+---------------------------------+-------------------+--------------+-------------+--------------+---------+-----------+------+--------------+--------------------------------------------------------+--------------+
; |BankRegister                   ; 6 (0)             ; 2 (0)        ; 0           ; 0            ; 0       ; 0         ; 20   ; 0            ; |BankRegister                                          ; work         ;
;    |decoder:decofica|           ; 4 (0)             ; 0 (0)        ; 0           ; 0            ; 0       ; 0         ; 0    ; 0            ; |BankRegister|decoder:decofica                         ;              ;
;       |decoder3x8:decoder3x8_0| ; 2 (2)             ; 0 (0)        ; 0           ; 0            ; 0       ; 0         ; 0    ; 0            ; |BankRegister|decoder:decofica|decoder3x8:decoder3x8_0 ; work         ;
;       |decoder3x8:decoder3x8_1| ; 2 (2)             ; 0 (0)        ; 0           ; 0            ; 0       ; 0         ; 0    ; 0            ; |BankRegister|decoder:decofica|decoder3x8:decoder3x8_1 ;              ;
;    |flopenr:regFile|            ; 0 (0)             ; 2 (2)        ; 0           ; 0            ; 0       ; 0         ; 0    ; 0            ; |BankRegister|flopenr:regFile                          ; work         ;
;    |mux2:muxinho1|              ; 1 (1)             ; 0 (0)        ; 0           ; 0            ; 0       ; 0         ; 0    ; 0            ; |BankRegister|mux2:muxinho1                            ;              ;
;    |mux2:muxinho2|              ; 1 (1)             ; 0 (0)        ; 0           ; 0            ; 0       ; 0         ; 0    ; 0            ; |BankRegister|mux2:muxinho2                            ; work         ;
+---------------------------------+-------------------+--------------+-------------+--------------+---------+-----------+------+--------------+--------------------------------------------------------+--------------+
Note: For table entries with two numbers listed, the numbers in parentheses indicate the number of resources of the given type used by the specific entity alone. The numbers listed outside of parentheses indicate the total resources of the given type used by the specific entity and all of its sub-entities in the hierarchy.


+------------------------------------------------------+
; General Register Statistics                          ;
+----------------------------------------------+-------+
; Statistic                                    ; Value ;
+----------------------------------------------+-------+
; Total registers                              ; 2     ;
; Number of registers using Synchronous Clear  ; 0     ;
; Number of registers using Synchronous Load   ; 0     ;
; Number of registers using Asynchronous Clear ; 2     ;
; Number of registers using Asynchronous Load  ; 0     ;
; Number of registers using Clock Enable       ; 2     ;
; Number of registers using Preset             ; 0     ;
+----------------------------------------------+-------+


+--------------------------------------------------------------+
; Parameter Settings for User Entity Instance: flopenr:regFile ;
+----------------+-------+-------------------------------------+
; Parameter Name ; Value ; Type                                ;
+----------------+-------+-------------------------------------+
; WIDTH          ; 32    ; Signed Integer                      ;
+----------------+-------+-------------------------------------+
Note: In order to hide this table in the UI and the text report file, please set the "Show Parameter Settings Tables in Synthesis Report" option in "Analysis and Synthesis Settings -> More Settings" to "Off".


+------------------------------------------------------------+
; Parameter Settings for User Entity Instance: mux2:muxinho1 ;
+----------------+-------+-----------------------------------+
; Parameter Name ; Value ; Type                              ;
+----------------+-------+-----------------------------------+
; WIDTH          ; 32    ; Signed Integer                    ;
+----------------+-------+-----------------------------------+
Note: In order to hide this table in the UI and the text report file, please set the "Show Parameter Settings Tables in Synthesis Report" option in "Analysis and Synthesis Settings -> More Settings" to "Off".


+------------------------------------------------------------+
; Parameter Settings for User Entity Instance: mux2:muxinho2 ;
+----------------+-------+-----------------------------------+
; Parameter Name ; Value ; Type                              ;
+----------------+-------+-----------------------------------+
; WIDTH          ; 32    ; Signed Integer                    ;
+----------------+-------+-----------------------------------+
Note: In order to hide this table in the UI and the text report file, please set the "Show Parameter Settings Tables in Synthesis Report" option in "Analysis and Synthesis Settings -> More Settings" to "Off".


+-------------------------------------------------------------------------------------------------------------------------------------------------------------------------------------------------------------+
; Port Connectivity Checks: "mux2:muxinho2"                                                                                                                                                                   ;
+------+--------+----------+----------------------------------------------------------------------------------------------------------------------------------------------------------------------------------+
; Port ; Type   ; Severity ; Details                                                                                                                                                                          ;
+------+--------+----------+----------------------------------------------------------------------------------------------------------------------------------------------------------------------------------+
; d0   ; Input  ; Warning  ; Input port expression (16 bits) is smaller than the input port (32 bits) it drives.  Extra input bit(s) "d0[31..16]" will be connected to GND.                                   ;
; d1   ; Input  ; Warning  ; Input port expression (17 bits) is smaller than the input port (32 bits) it drives.  Extra input bit(s) "d1[31..17]" will be connected to GND.                                   ;
; s    ; Input  ; Warning  ; Input port expression (5 bits) is wider than the input port (1 bits) it drives.  The 4 most-significant bit(s) in the expression will be dangling if they have no other fanouts. ;
; y    ; Output ; Warning  ; Output or bidir port (32 bits) is wider than the port expression (1 bits) it drives; bit(s) "y[31..1]" have no fanouts                                                           ;
+------+--------+----------+----------------------------------------------------------------------------------------------------------------------------------------------------------------------------------+


+-------------------------------------------------------------------------------------------------------------------------------------------------------------------------------------------------------------+
; Port Connectivity Checks: "mux2:muxinho1"                                                                                                                                                                   ;
+------+--------+----------+----------------------------------------------------------------------------------------------------------------------------------------------------------------------------------+
; Port ; Type   ; Severity ; Details                                                                                                                                                                          ;
+------+--------+----------+----------------------------------------------------------------------------------------------------------------------------------------------------------------------------------+
; d0   ; Input  ; Warning  ; Input port expression (16 bits) is smaller than the input port (32 bits) it drives.  Extra input bit(s) "d0[31..16]" will be connected to GND.                                   ;
; d1   ; Input  ; Warning  ; Input port expression (17 bits) is smaller than the input port (32 bits) it drives.  Extra input bit(s) "d1[31..17]" will be connected to GND.                                   ;
; s    ; Input  ; Warning  ; Input port expression (5 bits) is wider than the input port (1 bits) it drives.  The 4 most-significant bit(s) in the expression will be dangling if they have no other fanouts. ;
; y    ; Output ; Warning  ; Output or bidir port (32 bits) is wider than the port expression (1 bits) it drives; bit(s) "y[31..1]" have no fanouts                                                           ;
+------+--------+----------+----------------------------------------------------------------------------------------------------------------------------------------------------------------------------------+


+-------------------------------+
; Analysis & Synthesis Messages ;
+-------------------------------+
Info: *******************************************************************
Info: Running Quartus II Analysis & Synthesis
    Info: Version 9.1 Build 222 10/21/2009 SJ Web Edition
    Info: Processing started: Thu Mar 12 01:10:57 2020
Info: Command: quartus_map --read_settings_files=on --write_settings_files=off BankRegister -c BankRegister
Info: Found 3 design units, including 3 entities, in source file /users/julio/programacao/concepcao/mips/decoder/decodificador/decoder.sv
    Info: Found entity 1: decoder2x4
    Info: Found entity 2: decoder3x8
    Info: Found entity 3: decoder
Info: Found 1 design units, including 1 entities, in source file /users/julio/programacao/concepcao/mips/flopenr/flopenr.sv
    Info: Found entity 1: flopenr
Info: Found 1 design units, including 1 entities, in source file /users/julio/programacao/concepcao/mips/mux/mux.sv
    Info: Found entity 1: mux2
Info: Found 1 design units, including 1 entities, in source file bankregister.sv
    Info: Found entity 1: BankRegister
Info: Elaborating entity "BankRegister" for the top level hierarchy
Info: Elaborating entity "decoder" for hierarchy "decoder:decofica"
Info: Elaborating entity "decoder2x4" for hierarchy "decoder:decofica|decoder2x4:decoder2x4_0"
Info: Elaborating entity "decoder3x8" for hierarchy "decoder:decofica|decoder3x8:decoder3x8_0"
Info: Elaborating entity "flopenr" for hierarchy "flopenr:regFile"
Info: Elaborating entity "mux2" for hierarchy "mux2:muxinho1"
Warning: 2 hierarchies have connectivity warnings - see the Connectivity Checks report folder
Warning: Design contains 8 input pin(s) that do not drive logic
    Warning (15610): No output dependent on input pin "ra1[1]"
    Warning (15610): No output dependent on input pin "ra1[2]"
    Warning (15610): No output dependent on input pin "ra1[3]"
    Warning (15610): No output dependent on input pin "ra1[4]"
    Warning (15610): No output dependent on input pin "ra2[1]"
    Warning (15610): No output dependent on input pin "ra2[2]"
    Warning (15610): No output dependent on input pin "ra2[3]"
    Warning (15610): No output dependent on input pin "ra2[4]"
Info: Implemented 26 device resources after synthesis - the final resource count might be different
    Info: Implemented 18 input pins
    Info: Implemented 2 output pins
    Info: Implemented 6 logic cells
Info: Quartus II Analysis & Synthesis was successful. 0 errors, 10 warnings
    Info: Peak virtual memory: 232 megabytes
    Info: Processing ended: Thu Mar 12 01:11:01 2020
    Info: Elapsed time: 00:00:04
    Info: Total CPU time (on all processors): 00:00:02


